

Version:	3.50
CmdLine:	E:\MARTIN 2\JAVA\PROJECT\CALCULATOR 2\dist\CALCULATOR_2.exe --l4j-debug
JNI:		Yes
WOW64:		Yes
Create mutex:	mm
Working dir:	E:\MARTIN 2\JAVA\PROJECT\CALCULATOR 2\dist\.
Requires JDK:	No
Requires 64-Bit: Yes
Java min ver:	1.007.000
Java max ver:	
Substitute:	JAVA_HOME = C:\Program Files (x86)\Java\jdk1.7.0_17
Substitute:	PATH = C:\Program Files (x86)\NVIDIA Corporation\PhysX\Common;C:\Program Files\Common Files\Oracle\Java\javapath;C:\Program Files (x86)\VMware\VMware Workstation\bin\;C:\Program Files (x86)\Java\jdk1.7.0_17\bin;E:\HP\bin;C:\Program Files (x86)\Windows Kits\8.1\Windows Performance Toolkit\;C:\Program Files\Microsoft SQL Server\110\Tools\Binn\;C:\Users\HP\AppData\Local\Microsoft\WindowsApps;;C:\Users\HP\AppData\Local\Programs\Microsoft VS Code\bin;C:\Program Files\Azure Data Studio\bin;C:\Users\HP\.dotnet\tools;E:\HP\bin
JRE paths:	C:\Program Files (x86)\Java\jdk1.7.0_17;C:\Program Files (x86)\NVIDIA Corporation\PhysX\Common;C:\Program Files\Common Files\Oracle\Java\javapath;C:\Program Files (x86)\VMware\VMware Workstation\bin\;C:\Program Files (x86)\Java\jdk1.7.0_17\bin;E:\HP\bin;C:\Program Files (x86)\Windows Kits\8.1\Windows Performance Toolkit\;C:\Program Files\Microsoft SQL Server\110\Tools\Binn\;C:\Users\HP\AppData\Local\Microsoft\WindowsApps;;C:\Users\HP\AppData\Local\Programs\Microsoft VS Code\bin;C:\Program Files\Azure Data Studio\bin;C:\Users\HP\.dotnet\tools;E:\HP\bin
Check launcher:	C:\Program Files (x86)\Java\jdk1.7.0_17\bin\javaw.exe (OK)
Version string: 1.007.000_017 / 32-Bit (Ignore)
Check launcher:	C:\Program Files (x86)\NVIDIA Corporation\PhysX\Common\bin\javaw.exe (not found)
Check launcher:	C:\Program Files\Common Files\Oracle\Java\javapath\bin\javaw.exe (not found)
Check launcher:	C:\Program Files (x86)\VMware\VMware Workstation\bin\bin\javaw.exe (not found)
Check launcher:	C:\Program Files (x86)\Java\jdk1.7.0_17\bin\javaw.exe (OK)
Version string: 1.007.000_017 / 32-Bit (Ignore)
Check launcher:	E:\HP\bin\javaw.exe (OK)
Version string: 1.017.000_001 / 64-Bit (Ignore)
Check launcher:	C:\Program Files (x86)\Windows Kits\8.1\Windows Performance Toolkit\bin\javaw.exe (not found)
Check launcher:	C:\Program Files\Microsoft SQL Server\110\Tools\Binn\bin\javaw.exe (not found)
Check launcher:	C:\Users\HP\AppData\Local\Microsoft\WindowsApps\bin\javaw.exe (not found)
Check launcher:	C:\Users\HP\AppData\Local\Programs\Microsoft VS Code\bin\javaw.exe (not found)
Check launcher:	C:\Program Files\Azure Data Studio\bin\javaw.exe (not found)
Check launcher:	C:\Users\HP\.dotnet\tools\bin\javaw.exe (not found)
Check launcher:	E:\HP\bin\javaw.exe (OK)
Version string: 1.017.000_001 / 64-Bit (Ignore)
Error msg:	This application requires a Java Runtime Environment 1.7.0 (64-bit)


Version:	3.50
CmdLine:	E:\MARTIN 2\JAVA\PROJECT\CALCULATOR 2\dist\CALCULATOR_2.exe --l4j-debug
JNI:		Yes
WOW64:		Yes
Create mutex:	mm
Working dir:	E:\MARTIN 2\JAVA\PROJECT\CALCULATOR 2\dist\.
Requires JDK:	No
Requires 64-Bit: Yes
Java min ver:	1.007.000
Java max ver:	
Substitute:	JAVA_HOME = C:\Program Files (x86)\Java\jdk1.7.0_17
Substitute:	PATH = C:\Program Files (x86)\NVIDIA Corporation\PhysX\Common;C:\Program Files\Common Files\Oracle\Java\javapath;C:\Program Files (x86)\VMware\VMware Workstation\bin\;C:\Program Files (x86)\Java\jdk1.7.0_17\bin;E:\HP\bin;C:\Program Files (x86)\Windows Kits\8.1\Windows Performance Toolkit\;C:\Program Files\Microsoft SQL Server\110\Tools\Binn\;C:\Users\HP\AppData\Local\Microsoft\WindowsApps;;C:\Users\HP\AppData\Local\Programs\Microsoft VS Code\bin;C:\Program Files\Azure Data Studio\bin;C:\Users\HP\.dotnet\tools;E:\HP\bin
JRE paths:	C:\Program Files (x86)\Java\jdk1.7.0_17;C:\Program Files (x86)\NVIDIA Corporation\PhysX\Common;C:\Program Files\Common Files\Oracle\Java\javapath;C:\Program Files (x86)\VMware\VMware Workstation\bin\;C:\Program Files (x86)\Java\jdk1.7.0_17\bin;E:\HP\bin;C:\Program Files (x86)\Windows Kits\8.1\Windows Performance Toolkit\;C:\Program Files\Microsoft SQL Server\110\Tools\Binn\;C:\Users\HP\AppData\Local\Microsoft\WindowsApps;;C:\Users\HP\AppData\Local\Programs\Microsoft VS Code\bin;C:\Program Files\Azure Data Studio\bin;C:\Users\HP\.dotnet\tools;E:\HP\bin
Check launcher:	C:\Program Files (x86)\Java\jdk1.7.0_17\bin\javaw.exe (OK)
Version string: 1.007.000_017 / 32-Bit (Ignore)
Check launcher:	C:\Program Files (x86)\NVIDIA Corporation\PhysX\Common\bin\javaw.exe (not found)
Check launcher:	C:\Program Files\Common Files\Oracle\Java\javapath\bin\javaw.exe (not found)
Check launcher:	C:\Program Files (x86)\VMware\VMware Workstation\bin\bin\javaw.exe (not found)
Check launcher:	C:\Program Files (x86)\Java\jdk1.7.0_17\bin\javaw.exe (OK)
Version string: 1.007.000_017 / 32-Bit (Ignore)
Check launcher:	E:\HP\bin\javaw.exe (OK)
Version string: 1.017.000_001 / 64-Bit (Ignore)
Check launcher:	C:\Program Files (x86)\Windows Kits\8.1\Windows Performance Toolkit\bin\javaw.exe (not found)
Check launcher:	C:\Program Files\Microsoft SQL Server\110\Tools\Binn\bin\javaw.exe (not found)
Check launcher:	C:\Users\HP\AppData\Local\Microsoft\WindowsApps\bin\javaw.exe (not found)
Check launcher:	C:\Users\HP\AppData\Local\Programs\Microsoft VS Code\bin\javaw.exe (not found)
Check launcher:	C:\Program Files\Azure Data Studio\bin\javaw.exe (not found)
Check launcher:	C:\Users\HP\.dotnet\tools\bin\javaw.exe (not found)
Check launcher:	E:\HP\bin\javaw.exe (OK)
Version string: 1.017.000_001 / 64-Bit (Ignore)
Error msg:	This application requires a Java Runtime Environment 1.7.0 (64-bit)
